<?xml version="1.0" encoding="UTF-8"?>
<testsuite name="com.example.witssocial_.messageObjectTest" tests="8" skipped="0" failures="0" errors="0" timestamp="2022-09-26T15:54:43" hostname="LAPTOP-63R391CD" time="0.005">
  <properties/>
  <testcase name="testSetSender_id" classname="com.example.witssocial_.messageObjectTest" time="0.001"/>
  <testcase name="testSetTimestamp" classname="com.example.witssocial_.messageObjectTest" time="0.0"/>
  <testcase name="testSetReceiver_id" classname="com.example.witssocial_.messageObjectTest" time="0.0"/>
  <testcase name="testSetContent" classname="com.example.witssocial_.messageObjectTest" time="0.0"/>
  <testcase name="testGetReceiver_id" classname="com.example.witssocial_.messageObjectTest" time="0.0"/>
  <testcase name="testGetSender_id" classname="com.example.witssocial_.messageObjectTest" time="0.0"/>
  <testcase name="testGetTimestamp" classname="com.example.witssocial_.messageObjectTest" time="0.0"/>
  <testcase name="testGetContent" classname="com.example.witssocial_.messageObjectTest" time="0.0"/>
  <system-out><![CDATA[]]></system-out>
  <system-err><![CDATA[]]></system-err>
</testsuite>
